03:07:12 INFO  : Registering command handlers for SDK TCF services
03:07:13 INFO  : Launching XSCT server: xsct.bat -interactive C:\Users\admin\Desktop\Lab1\Lab_1\Lab_1.sdk\temp_xsdb_launch_script.tcl
03:07:15 INFO  : XSCT server has started successfully.
03:07:16 INFO  : Successfully done setting XSCT server connection channel  
03:07:16 INFO  : Successfully done setting SDK workspace  
03:07:16 INFO  : Processing command line option -hwspec C:/Users/admin/Desktop/Lab1/Lab_1/Lab_1.sdk/design_1_wrapper.hdf.
17:11:03 INFO  : Registering command handlers for SDK TCF services
17:11:03 INFO  : Launching XSCT server: xsct.bat -interactive C:\Users\a\VivadoProjects\Lab_1\Lab_1.sdk\temp_xsdb_launch_script.tcl
17:11:06 INFO  : XSCT server has started successfully.
17:11:10 INFO  : Successfully done setting XSCT server connection channel  
17:11:10 INFO  : Successfully done setting SDK workspace  
17:11:10 INFO  : Processing command line option -hwspec C:/Users/a/VivadoProjects/Lab_1/Lab_1.sdk/design_1_wrapper.hdf.
14:04:26 INFO  : Registering command handlers for SDK TCF services
14:04:26 INFO  : Launching XSCT server: xsct.bat -interactive C:\Users\a\VivadoProjects\Lab_1\Lab_1.sdk\temp_xsdb_launch_script.tcl
14:04:30 INFO  : XSCT server has started successfully.
14:04:30 INFO  : Successfully done setting XSCT server connection channel  
14:04:34 INFO  : Successfully done setting SDK workspace  
14:04:34 INFO  : Processing command line option -hwspec C:/Users/a/VivadoProjects/Lab_1/Lab_1.sdk/design_1_wrapper.hdf.
14:04:34 INFO  : Checking for hwspec changes in the project design_1_wrapper_hw_platform_1.
16:21:29 INFO  : Registering command handlers for SDK TCF services
16:21:29 INFO  : Launching XSCT server: xsct.bat -interactive C:\Users\a\VivadoProjects\Lab_1\Lab_1.sdk\temp_xsdb_launch_script.tcl
16:21:32 INFO  : XSCT server has started successfully.
16:21:32 INFO  : Successfully done setting XSCT server connection channel  
16:21:32 INFO  : Successfully done setting SDK workspace  
16:21:32 INFO  : Processing command line option -hwspec C:/Users/a/VivadoProjects/Lab_1/Lab_1.sdk/design_1_wrapper.hdf.
16:21:32 INFO  : Checking for hwspec changes in the project design_1_wrapper_hw_platform_1.
22:42:56 INFO  : Registering command handlers for SDK TCF services
22:42:57 INFO  : Launching XSCT server: xsct.bat -interactive C:\Users\a\VivadoProjects\Lab_1\Lab_1.sdk\temp_xsdb_launch_script.tcl
22:43:00 INFO  : XSCT server has started successfully.
22:43:00 INFO  : Successfully done setting XSCT server connection channel  
22:43:03 INFO  : Successfully done setting SDK workspace  
22:43:03 INFO  : Processing command line option -hwspec C:/Users/a/VivadoProjects/Lab_1/Lab_1.sdk/design_1_wrapper.hdf.
22:43:03 INFO  : Checking for hwspec changes in the project design_1_wrapper_hw_platform_1.
18:00:23 INFO  : Registering command handlers for SDK TCF services
18:00:23 INFO  : Launching XSCT server: xsct.bat -interactive C:\Users\a\VivadoProjects\Lab_1\Lab_1.sdk\temp_xsdb_launch_script.tcl
18:00:26 INFO  : XSCT server has started successfully.
18:00:29 INFO  : Successfully done setting XSCT server connection channel  
18:00:29 INFO  : Successfully done setting SDK workspace  
18:00:29 INFO  : Processing command line option -hwspec C:/Users/a/VivadoProjects/Lab_1/Lab_1.sdk/design_1_wrapper.hdf.
18:00:29 INFO  : Checking for hwspec changes in the project design_1_wrapper_hw_platform_1.
