#! /c/Source/iverilog-install/bin/vvp
:ivl_version "12.0 (devel)" "(s20150603-1539-g2693dd32b)";
:ivl_delay_selection "TYPICAL";
:vpi_time_precision + 0;
:vpi_module "C:\iverilog\lib\ivl\system.vpi";
:vpi_module "C:\iverilog\lib\ivl\vhdl_sys.vpi";
:vpi_module "C:\iverilog\lib\ivl\vhdl_textio.vpi";
:vpi_module "C:\iverilog\lib\ivl\v2005_math.vpi";
:vpi_module "C:\iverilog\lib\ivl\va_math.vpi";
S_0000019034026600 .scope module, "bus" "bus" 2 1;
 .timescale 0 0;
    .port_info 0 /INPUT 32 "HADDR_MASTER_bi";
    .port_info 1 /INPUT 32 "HWDATA_MASTER_bi";
    .port_info 2 /INPUT 1 "HWRITE_MASTER_i";
    .port_info 3 /OUTPUT 32 "HRDATA_MASTER_bo";
    .port_info 4 /OUTPUT 32 "HADDR_SLAVE_1_bo";
    .port_info 5 /OUTPUT 32 "HWDATA_SLAVE_1_bo";
    .port_info 6 /OUTPUT 1 "HWRITE_SLAVE_1_o";
    .port_info 7 /INPUT 32 "HRDATA_SLAVE_1_bi";
    .port_info 8 /OUTPUT 32 "HADDR_SLAVE_2_bo";
    .port_info 9 /OUTPUT 32 "HWDATA_SLAVE_2_bo";
    .port_info 10 /OUTPUT 1 "HWRITE_SLAVE_2_o";
    .port_info 11 /INPUT 32 "HRDATA_SLAVE_2_bi";
o0000019034076fd8 .functor BUFZ 32, C4<zzzzzzzzzzzzzzzzzzzzzzzzzzzzzzzz>; HiZ drive
L_00000190340769f0 .functor BUFZ 32, o0000019034076fd8, C4<00000000000000000000000000000000>, C4<00000000000000000000000000000000>, C4<00000000000000000000000000000000>;
L_0000019034029810 .functor BUFZ 32, o0000019034076fd8, C4<00000000000000000000000000000000>, C4<00000000000000000000000000000000>, C4<00000000000000000000000000000000>;
o00000190340770f8 .functor BUFZ 32, C4<zzzzzzzzzzzzzzzzzzzzzzzzzzzzzzzz>; HiZ drive
L_0000019034029a60 .functor BUFZ 32, o00000190340770f8, C4<00000000000000000000000000000000>, C4<00000000000000000000000000000000>, C4<00000000000000000000000000000000>;
L_00000190340741d0 .functor BUFZ 32, o00000190340770f8, C4<00000000000000000000000000000000>, C4<00000000000000000000000000000000>, C4<00000000000000000000000000000000>;
v00000190340299c0_0 .net "HADDR_MASTER_bi", 31 0, o0000019034076fd8;  0 drivers
v0000019034029770_0 .net "HADDR_SLAVE_1_bo", 31 0, L_00000190340769f0;  1 drivers
v000001903402bd60_0 .net "HADDR_SLAVE_2_bo", 31 0, L_0000019034029810;  1 drivers
v000001903402be00_0 .var "HRDATA_MASTER_bo", 31 0;
o0000019034077098 .functor BUFZ 32, C4<zzzzzzzzzzzzzzzzzzzzzzzzzzzzzzzz>; HiZ drive
v000001903402bea0_0 .net "HRDATA_SLAVE_1_bi", 31 0, o0000019034077098;  0 drivers
o00000190340770c8 .functor BUFZ 32, C4<zzzzzzzzzzzzzzzzzzzzzzzzzzzzzzzz>; HiZ drive
v0000019034026790_0 .net "HRDATA_SLAVE_2_bi", 31 0, o00000190340770c8;  0 drivers
v0000019034026830_0 .net "HWDATA_MASTER_bi", 31 0, o00000190340770f8;  0 drivers
v00000190340268d0_0 .net "HWDATA_SLAVE_1_bo", 31 0, L_0000019034029a60;  1 drivers
v0000019034026970_0 .net "HWDATA_SLAVE_2_bo", 31 0, L_00000190340741d0;  1 drivers
o0000019034077188 .functor BUFZ 1, C4<z>; HiZ drive
v0000019034073e50_0 .net "HWRITE_MASTER_i", 0 0, o0000019034077188;  0 drivers
v0000019034073ef0_0 .var "HWRITE_SLAVE_1_o", 0 0;
v0000019034073f90_0 .var "HWRITE_SLAVE_2_o", 0 0;
E_000001903402c2d0 .event anyedge, v00000190340299c0_0, v0000019034073e50_0, v000001903402bea0_0, v0000019034026790_0;
    .scope S_0000019034026600;
T_0 ;
    %wait E_000001903402c2d0;
    %load/vec4 v00000190340299c0_0;
    %cmpi/u 128, 0, 32;
    %jmp/0xz  T_0.0, 5;
    %load/vec4 v0000019034073e50_0;
    %assign/vec4 v0000019034073ef0_0, 0;
    %load/vec4 v000001903402bea0_0;
    %assign/vec4 v000001903402be00_0, 0;
    %jmp T_0.1;
T_0.0 ;
    %load/vec4 v0000019034073e50_0;
    %assign/vec4 v0000019034073f90_0, 0;
    %load/vec4 v0000019034026790_0;
    %assign/vec4 v000001903402be00_0, 0;
T_0.1 ;
    %jmp T_0;
    .thread T_0, $push;
# The file index is used to find the file name in the following table.
:file_names 3;
    "N/A";
    "<interactive>";
    "busDevice.v";
