#! /c/Source/iverilog-install/bin/vvp
:ivl_version "12.0 (devel)" "(s20150603-1539-g2693dd32b)";
:ivl_delay_selection "TYPICAL";
:vpi_time_precision + 0;
:vpi_module "C:\iverilog\lib\ivl\system.vpi";
:vpi_module "C:\iverilog\lib\ivl\vhdl_sys.vpi";
:vpi_module "C:\iverilog\lib\ivl\vhdl_textio.vpi";
:vpi_module "C:\iverilog\lib\ivl\v2005_math.vpi";
:vpi_module "C:\iverilog\lib\ivl\va_math.vpi";
S_000002a083766710 .scope module, "slave" "slave" 2 1;
 .timescale 0 0;
    .port_info 0 /INPUT 1 "HCLK_i";
    .port_info 1 /INPUT 1 "HRESETn_i";
    .port_info 2 /OUTPUT 32 "HRDATA_bo";
    .port_info 3 /INPUT 32 "HADDR_bi";
    .port_info 4 /INPUT 32 "HWDATA_bi";
    .port_info 5 /INPUT 1 "HWRITE_i";
o000002a083696fb8 .functor BUFZ 32, C4<zzzzzzzzzzzzzzzzzzzzzzzzzzzzzzzz>; HiZ drive
v000002a083766c40_0 .net "HADDR_bi", 31 0, o000002a083696fb8;  0 drivers
o000002a083696fe8 .functor BUFZ 1, C4<z>; HiZ drive
v000002a08376eed0_0 .net "HCLK_i", 0 0, o000002a083696fe8;  0 drivers
v000002a0837668a0_0 .var "HRDATA_bo", 31 0;
o000002a083697048 .functor BUFZ 1, C4<z>; HiZ drive
v000002a083766940_0 .net "HRESETn_i", 0 0, o000002a083697048;  0 drivers
o000002a083697078 .functor BUFZ 32, C4<zzzzzzzzzzzzzzzzzzzzzzzzzzzzzzzz>; HiZ drive
v000002a0837669e0_0 .net "HWDATA_bi", 31 0, o000002a083697078;  0 drivers
o000002a0836970a8 .functor BUFZ 1, C4<z>; HiZ drive
v000002a08376b750_0 .net "HWRITE_i", 0 0, o000002a0836970a8;  0 drivers
v000002a08376b7f0 .array "mem", 0 255, 31 0;
E_000002a08376c6d0 .event posedge, v000002a08376eed0_0;
    .scope S_000002a083766710;
T_0 ;
    %wait E_000002a08376c6d0;
    %load/vec4 v000002a083766940_0;
    %pad/u 32;
    %cmpi/e 0, 0, 32;
    %jmp/0xz  T_0.0, 4;
    %pushi/vec4 0, 0, 32;
    %assign/vec4 v000002a0837668a0_0, 0;
    %jmp T_0.1;
T_0.0 ;
    %load/vec4 v000002a08376b750_0;
    %flag_set/vec4 8;
    %jmp/0xz  T_0.2, 8;
    %load/vec4 v000002a0837669e0_0;
    %ix/getv 3, v000002a083766c40_0;
    %ix/load 4, 0, 0; Constant delay
    %assign/vec4/a/d v000002a08376b7f0, 0, 4;
    %jmp T_0.3;
T_0.2 ;
    %ix/getv 4, v000002a083766c40_0;
    %load/vec4a v000002a08376b7f0, 4;
    %assign/vec4 v000002a0837668a0_0, 0;
T_0.3 ;
T_0.1 ;
    %jmp T_0;
    .thread T_0;
# The file index is used to find the file name in the following table.
:file_names 3;
    "N/A";
    "<interactive>";
    "slaveDevice.v";
