#! /c/Source/iverilog-install/bin/vvp
:ivl_version "12.0 (devel)" "(s20150603-1539-g2693dd32b)";
:ivl_delay_selection "TYPICAL";
:vpi_time_precision + 0;
:vpi_module "C:\iverilog\lib\ivl\system.vpi";
:vpi_module "C:\iverilog\lib\ivl\vhdl_sys.vpi";
:vpi_module "C:\iverilog\lib\ivl\vhdl_textio.vpi";
:vpi_module "C:\iverilog\lib\ivl\v2005_math.vpi";
:vpi_module "C:\iverilog\lib\ivl\va_math.vpi";
S_00000182fec16630 .scope module, "bus_slave" "bus_slave" 2 1;
 .timescale 0 0;
    .port_info 0 /INPUT 1 "HCLK_i";
    .port_info 1 /INPUT 1 "HRESETn_i";
    .port_info 2 /OUTPUT 32 "HRDATA_bo";
    .port_info 3 /INPUT 32 "HADDR_bi";
    .port_info 4 /INPUT 32 "HWDATA_bi";
    .port_info 5 /INPUT 1 "HWRITE_i";
    .port_info 6 /INPUT 32 "data_rx_bi";
    .port_info 7 /INPUT 1 "data_rx_wr_i";
    .port_info 8 /INPUT 1 "busy_i";
    .port_info 9 /OUTPUT 32 "data_tx_bo";
    .port_info 10 /OUTPUT 1 "data_tx_wr_o";
P_00000182fec167c0 .param/l "BASE_ADDR" 0 2 17, +C4<00000000000000000000000000000000>;
P_00000182fec167f8 .param/l "DATA_RX_ADDR" 1 2 21, +C4<000000000000000000000000000000010>;
P_00000182fec16830 .param/l "DATA_TX_ADDR" 1 2 20, +C4<000000000000000000000000000000001>;
P_00000182fec16868 .param/l "STATUS_REG_ADDR" 1 2 19, +C4<000000000000000000000000000000000>;
o00000182fec6afd8 .functor BUFZ 32, C4<zzzzzzzzzzzzzzzzzzzzzzzzzzzzzzzz>; HiZ drive
v00000182fec168b0_0 .net "HADDR_bi", 31 0, o00000182fec6afd8;  0 drivers
o00000182fec6b008 .functor BUFZ 1, C4<z>; HiZ drive
v00000182fec16950_0 .net "HCLK_i", 0 0, o00000182fec6b008;  0 drivers
v00000182fec169f0_0 .var "HRDATA_bo", 31 0;
o00000182fec6b068 .functor BUFZ 1, C4<z>; HiZ drive
v00000182fec1bd70_0 .net "HRESETn_i", 0 0, o00000182fec6b068;  0 drivers
o00000182fec6b098 .functor BUFZ 32, C4<zzzzzzzzzzzzzzzzzzzzzzzzzzzzzzzz>; HiZ drive
v00000182fec1be10_0 .net "HWDATA_bi", 31 0, o00000182fec6b098;  0 drivers
o00000182fec6b0c8 .functor BUFZ 1, C4<z>; HiZ drive
v00000182fec1beb0_0 .net "HWRITE_i", 0 0, o00000182fec6b0c8;  0 drivers
o00000182fec6b0f8 .functor BUFZ 1, C4<z>; HiZ drive
v00000182fecad840_0 .net "busy_i", 0 0, o00000182fec6b0f8;  0 drivers
o00000182fec6b128 .functor BUFZ 32, C4<zzzzzzzzzzzzzzzzzzzzzzzzzzzzzzzz>; HiZ drive
v00000182fecad8e0_0 .net "data_rx_bi", 31 0, o00000182fec6b128;  0 drivers
v00000182fecad980_0 .var "data_rx_r", 31 0;
o00000182fec6b188 .functor BUFZ 1, C4<z>; HiZ drive
v00000182fecada20_0 .net "data_rx_wr_i", 0 0, o00000182fec6b188;  0 drivers
v00000182fecadac0_0 .var "data_tx_bo", 31 0;
v00000182fecadb60_0 .var "data_tx_wr_o", 0 0;
v00000182fecadc00_0 .var "status_r", 7 0;
E_00000182fec69030 .event posedge, v00000182fec16950_0;
    .scope S_00000182fec16630;
T_0 ;
    %wait E_00000182fec69030;
    %load/vec4 v00000182fec1bd70_0;
    %pad/u 32;
    %cmpi/e 0, 0, 32;
    %jmp/0xz  T_0.0, 4;
    %pushi/vec4 0, 0, 32;
    %assign/vec4 v00000182fec169f0_0, 0;
    %pushi/vec4 0, 0, 32;
    %assign/vec4 v00000182fecadac0_0, 0;
    %pushi/vec4 0, 0, 1;
    %assign/vec4 v00000182fecadb60_0, 0;
    %jmp T_0.1;
T_0.0 ;
    %pushi/vec4 0, 0, 1;
    %assign/vec4 v00000182fecadb60_0, 0;
    %load/vec4 v00000182fec1beb0_0;
    %flag_set/vec4 8;
    %jmp/0xz  T_0.2, 8;
    %load/vec4 v00000182fec168b0_0;
    %dup/vec4;
    %pushi/vec4 1, 0, 32;
    %cmp/u;
    %jmp/1 T_0.4, 6;
    %jmp T_0.5;
T_0.4 ;
    %load/vec4 v00000182fec1be10_0;
    %assign/vec4 v00000182fecadac0_0, 0;
    %pushi/vec4 1, 0, 1;
    %assign/vec4 v00000182fecadb60_0, 0;
    %jmp T_0.5;
T_0.5 ;
    %pop/vec4 1;
    %jmp T_0.3;
T_0.2 ;
    %load/vec4 v00000182fec168b0_0;
    %dup/vec4;
    %pushi/vec4 0, 0, 32;
    %cmp/u;
    %jmp/1 T_0.6, 6;
    %dup/vec4;
    %pushi/vec4 1, 0, 32;
    %cmp/u;
    %jmp/1 T_0.7, 6;
    %dup/vec4;
    %pushi/vec4 2, 0, 32;
    %cmp/u;
    %jmp/1 T_0.8, 6;
    %pushi/vec4 0, 0, 32;
    %assign/vec4 v00000182fec169f0_0, 0;
    %jmp T_0.10;
T_0.6 ;
    %pushi/vec4 0, 0, 24;
    %load/vec4 v00000182fecadc00_0;
    %concat/vec4; draw_concat_vec4
    %assign/vec4 v00000182fec169f0_0, 0;
    %jmp T_0.10;
T_0.7 ;
    %load/vec4 v00000182fecadac0_0;
    %assign/vec4 v00000182fec169f0_0, 0;
    %jmp T_0.10;
T_0.8 ;
    %load/vec4 v00000182fecad980_0;
    %assign/vec4 v00000182fec169f0_0, 0;
    %jmp T_0.10;
T_0.10 ;
    %pop/vec4 1;
T_0.3 ;
T_0.1 ;
    %jmp T_0;
    .thread T_0;
    .scope S_00000182fec16630;
T_1 ;
    %wait E_00000182fec69030;
    %load/vec4 v00000182fec1bd70_0;
    %pad/u 32;
    %cmpi/e 0, 0, 32;
    %jmp/0xz  T_1.0, 4;
    %pushi/vec4 0, 0, 8;
    %assign/vec4 v00000182fecadc00_0, 0;
    %pushi/vec4 0, 0, 32;
    %assign/vec4 v00000182fecad980_0, 0;
    %jmp T_1.1;
T_1.0 ;
    %pushi/vec4 0, 0, 7;
    %load/vec4 v00000182fecad840_0;
    %concat/vec4; draw_concat_vec4
    %assign/vec4 v00000182fecadc00_0, 0;
    %load/vec4 v00000182fecada20_0;
    %flag_set/vec4 8;
    %jmp/0xz  T_1.2, 8;
    %load/vec4 v00000182fecad8e0_0;
    %assign/vec4 v00000182fecad980_0, 0;
T_1.2 ;
T_1.1 ;
    %jmp T_1;
    .thread T_1;
# The file index is used to find the file name in the following table.
:file_names 3;
    "N/A";
    "<interactive>";
    "bus_slave.v";
