#! /c/Source/iverilog-install/bin/vvp
:ivl_version "12.0 (devel)" "(s20150603-1539-g2693dd32b)";
:ivl_delay_selection "TYPICAL";
:vpi_time_precision + 0;
:vpi_module "C:\iverilog\lib\ivl\system.vpi";
:vpi_module "C:\iverilog\lib\ivl\vhdl_sys.vpi";
:vpi_module "C:\iverilog\lib\ivl\vhdl_textio.vpi";
:vpi_module "C:\iverilog\lib\ivl\v2005_math.vpi";
:vpi_module "C:\iverilog\lib\ivl\va_math.vpi";
S_000002468c319bf0 .scope module, "master" "master" 2 1;
 .timescale 0 0;
    .port_info 0 /INPUT 1 "HCLK_i";
    .port_info 1 /INPUT 1 "HRESETn_i";
    .port_info 2 /INPUT 32 "HRDATA_bi";
    .port_info 3 /OUTPUT 32 "HADDR_bo";
    .port_info 4 /OUTPUT 32 "HWDATA_bo";
    .port_info 5 /OUTPUT 1 "HWRITE_o";
P_000002468c316eb0 .param/l "OP_ADDR" 1 2 13, C4<00000001>;
P_000002468c316ee8 .param/l "STATUS_ADDR" 1 2 12, C4<00000000>;
v000002468c3ba080_0 .var "HADDR_bo", 31 0;
o000002468c36f048 .functor BUFZ 1, C4<z>; HiZ drive
v000002468c3ba530_0 .net "HCLK_i", 0 0, o000002468c36f048;  0 drivers
o000002468c36f078 .functor BUFZ 32, C4<zzzzzzzzzzzzzzzzzzzzzzzzzzzzzzzz>; HiZ drive
v000002468c3ba5d0_0 .net "HRDATA_bi", 31 0, o000002468c36f078;  0 drivers
o000002468c36f0a8 .functor BUFZ 1, C4<z>; HiZ drive
v000002468c3ba670_0 .net "HRESETn_i", 0 0, o000002468c36f0a8;  0 drivers
v000002468c3ba710_0 .var "HWDATA_bo", 31 0;
v000002468c3ba7b0_0 .var "HWRITE_o", 0 0;
v000002468c3ba850_0 .var "data", 31 0;
S_000002468c357e90 .scope task, "read" "read" 2 33, 2 33 0, S_000002468c319bf0;
 .timescale 0 0;
v000002468c316c70_0 .var "addr", 31 0;
v000002468c31be80_0 .var "data", 31 0;
E_000002468c356b00 .event posedge, v000002468c3ba530_0;
TD_master.read ;
    %wait E_000002468c356b00;
    %load/vec4 v000002468c316c70_0;
    %assign/vec4 v000002468c3ba080_0, 0;
    %pushi/vec4 0, 0, 1;
    %assign/vec4 v000002468c3ba7b0_0, 0;
    %wait E_000002468c356b00;
    %wait E_000002468c356b00;
    %load/vec4 v000002468c3ba5d0_0;
    %assign/vec4 v000002468c31be80_0, 0;
    %wait E_000002468c356b00;
    %end;
S_000002468c3646b0 .scope task, "wait_ready" "wait_ready" 2 51, 2 51 0, S_000002468c319bf0;
 .timescale 0 0;
TD_master.wait_ready ;
    %fork t_1, S_000002468c364840;
    %jmp t_0;
    .scope S_000002468c364840;
t_1 ;
T_1.0 ;
    %pushi/vec4 1, 0, 32;
    %or/r;
    %flag_set/vec4 8;
    %jmp/0xz T_1.1, 8;
    %pushi/vec4 0, 0, 32;
    %store/vec4 v000002468c316c70_0, 0, 32;
    %fork TD_master.read, S_000002468c357e90;
    %join;
    %load/vec4 v000002468c31be80_0;
    %store/vec4 v000002468c3ba850_0, 0, 32;
    %load/vec4 v000002468c3ba850_0;
    %cmpi/e 1, 0, 32;
    %jmp/0xz  T_1.2, 4;
    %disable S_000002468c364840;
T_1.2 ;
    %jmp T_1.0;
T_1.1 ;
    %end;
    .scope S_000002468c3646b0;
t_0 %join;
    %fork t_3, S_000002468c3649d0;
    %jmp t_2;
    .scope S_000002468c3649d0;
t_3 ;
T_1.4 ;
    %pushi/vec4 1, 0, 32;
    %or/r;
    %flag_set/vec4 8;
    %jmp/0xz T_1.5, 8;
    %pushi/vec4 0, 0, 32;
    %store/vec4 v000002468c316c70_0, 0, 32;
    %fork TD_master.read, S_000002468c357e90;
    %join;
    %load/vec4 v000002468c31be80_0;
    %store/vec4 v000002468c3ba850_0, 0, 32;
    %load/vec4 v000002468c3ba850_0;
    %cmpi/e 0, 0, 32;
    %jmp/0xz  T_1.6, 4;
    %disable S_000002468c3649d0;
T_1.6 ;
    %jmp T_1.4;
T_1.5 ;
    %end;
    .scope S_000002468c3646b0;
t_2 %join;
    %end;
S_000002468c364840 .scope begin, "wait_busy" "wait_busy" 2 55, 2 55 0, S_000002468c3646b0;
 .timescale 0 0;
S_000002468c3649d0 .scope begin, "wait_ready" "wait_ready" 2 63, 2 63 0, S_000002468c3646b0;
 .timescale 0 0;
S_000002468c364b60 .scope task, "write" "write" 2 15, 2 15 0, S_000002468c319bf0;
 .timescale 0 0;
v000002468c358020_0 .var "addr", 31 0;
v000002468c3b9fe0_0 .var "data", 31 0;
TD_master.write ;
    %wait E_000002468c356b00;
    %load/vec4 v000002468c358020_0;
    %assign/vec4 v000002468c3ba080_0, 0;
    %pushi/vec4 1, 0, 1;
    %assign/vec4 v000002468c3ba7b0_0, 0;
    %wait E_000002468c356b00;
    %load/vec4 v000002468c3b9fe0_0;
    %assign/vec4 v000002468c3ba710_0, 0;
    %pushi/vec4 1, 0, 1;
    %assign/vec4 v000002468c3ba7b0_0, 0;
    %wait E_000002468c356b00;
    %pushi/vec4 0, 0, 1;
    %assign/vec4 v000002468c3ba7b0_0, 0;
    %end;
    .scope S_000002468c319bf0;
T_3 ;
    %pushi/vec4 1, 0, 32;
    %store/vec4 v000002468c3ba850_0, 0, 32;
    %end;
    .thread T_3;
    .scope S_000002468c319bf0;
T_4 ;
    %pushi/vec4 1, 0, 32;
    %store/vec4 v000002468c358020_0, 0, 32;
    %pushi/vec4 1, 0, 32;
    %store/vec4 v000002468c3b9fe0_0, 0, 32;
    %fork TD_master.write, S_000002468c364b60;
    %join;
    %fork TD_master.wait_ready, S_000002468c3646b0;
    %join;
    %pushi/vec4 1, 0, 32;
    %store/vec4 v000002468c358020_0, 0, 32;
    %pushi/vec4 66056, 0, 32;
    %store/vec4 v000002468c3b9fe0_0, 0, 32;
    %fork TD_master.write, S_000002468c364b60;
    %join;
    %fork TD_master.wait_ready, S_000002468c3646b0;
    %join;
    %pushi/vec4 1, 0, 32;
    %store/vec4 v000002468c358020_0, 0, 32;
    %pushi/vec4 0, 0, 32;
    %store/vec4 v000002468c3b9fe0_0, 0, 32;
    %fork TD_master.write, S_000002468c364b60;
    %join;
    %fork TD_master.wait_ready, S_000002468c3646b0;
    %join;
    %pushi/vec4 1, 0, 32;
    %store/vec4 v000002468c358020_0, 0, 32;
    %pushi/vec4 0, 0, 32;
    %store/vec4 v000002468c3b9fe0_0, 0, 32;
    %fork TD_master.write, S_000002468c364b60;
    %join;
    %fork TD_master.wait_ready, S_000002468c3646b0;
    %join;
    %pushi/vec4 2, 0, 32;
    %store/vec4 v000002468c316c70_0, 0, 32;
    %fork TD_master.read, S_000002468c357e90;
    %join;
    %load/vec4 v000002468c31be80_0;
    %store/vec4 v000002468c3ba850_0, 0, 32;
    %vpi_call 2 87 "$display", "READ DATA | data: %h", v000002468c3ba850_0 {0 0 0};
    %pushi/vec4 1, 0, 32;
    %store/vec4 v000002468c358020_0, 0, 32;
    %pushi/vec4 66052, 0, 32;
    %store/vec4 v000002468c3b9fe0_0, 0, 32;
    %fork TD_master.write, S_000002468c364b60;
    %join;
    %fork TD_master.wait_ready, S_000002468c3646b0;
    %join;
    %pushi/vec4 1, 0, 32;
    %store/vec4 v000002468c358020_0, 0, 32;
    %pushi/vec4 0, 0, 32;
    %store/vec4 v000002468c3b9fe0_0, 0, 32;
    %fork TD_master.write, S_000002468c364b60;
    %join;
    %fork TD_master.wait_ready, S_000002468c3646b0;
    %join;
    %pushi/vec4 1, 0, 32;
    %store/vec4 v000002468c358020_0, 0, 32;
    %pushi/vec4 0, 0, 32;
    %store/vec4 v000002468c3b9fe0_0, 0, 32;
    %fork TD_master.write, S_000002468c364b60;
    %join;
    %fork TD_master.wait_ready, S_000002468c3646b0;
    %join;
    %pushi/vec4 2, 0, 32;
    %store/vec4 v000002468c316c70_0, 0, 32;
    %fork TD_master.read, S_000002468c357e90;
    %join;
    %load/vec4 v000002468c31be80_0;
    %store/vec4 v000002468c3ba850_0, 0, 32;
    %vpi_call 2 96 "$display", "READ DATA | data: %h", v000002468c3ba850_0 {0 0 0};
    %vpi_call 2 98 "$finish" {0 0 0};
    %end;
    .thread T_4;
# The file index is used to find the file name in the following table.
:file_names 3;
    "N/A";
    "<interactive>";
    "master.v";
