#! /c/Source/iverilog-install/bin/vvp
:ivl_version "12.0 (devel)" "(s20150603-1539-g2693dd32b)";
:ivl_delay_selection "TYPICAL";
:vpi_time_precision + 0;
:vpi_module "C:\iverilog\lib\ivl\system.vpi";
:vpi_module "C:\iverilog\lib\ivl\vhdl_sys.vpi";
:vpi_module "C:\iverilog\lib\ivl\vhdl_textio.vpi";
:vpi_module "C:\iverilog\lib\ivl\v2005_math.vpi";
:vpi_module "C:\iverilog\lib\ivl\va_math.vpi";
S_000001edc0ff6630 .scope module, "mult" "mult" 2 1;
 .timescale 0 0;
    .port_info 0 /INPUT 1 "clk_i";
    .port_info 1 /INPUT 1 "rst_i";
    .port_info 2 /INPUT 1 "start_i";
    .port_info 3 /INPUT 8 "a_bi";
    .port_info 4 /INPUT 8 "b_bi";
    .port_info 5 /OUTPUT 16 "y_bo";
    .port_info 6 /OUTPUT 1 "busy_o";
P_000001edc0ff67c0 .param/l "END" 1 2 17, C4<10>;
P_000001edc0ff67f8 .param/l "IDLE" 1 2 15, C4<00>;
P_000001edc0ff6830 .param/l "WORK" 1 2 16, C4<01>;
L_000001edc0ef5400 .functor AND 8, v000001edc0ff6910_0, L_000001edc0f50d00, C4<11111111>, C4<11111111>;
v000001edc0ff6c70_0 .net *"_ivl_1", 0 0, L_000001edc0f50f80;  1 drivers
v000001edc0ffbdb0_0 .net *"_ivl_2", 7 0, L_000001edc0f50d00;  1 drivers
v000001edc0ffbe50_0 .net *"_ivl_6", 15 0, L_000001edc0f51160;  1 drivers
L_000001edc0f51e48 .functor BUFT 1, C4<00000000>, C4<0>, C4<0>, C4<0>;
v000001edc0ff6870_0 .net *"_ivl_9", 7 0, L_000001edc0f51e48;  1 drivers
v000001edc0ff6910_0 .var "a", 7 0;
o000001edc0f0c0c8 .functor BUFZ 8, C4<zzzzzzzz>; HiZ drive
v000001edc0ff69b0_0 .net "a_bi", 7 0, o000001edc0f0c0c8;  0 drivers
v000001edc0f50850_0 .var "b", 7 0;
o000001edc0f0c128 .functor BUFZ 8, C4<zzzzzzzz>; HiZ drive
v000001edc0f508f0_0 .net "b_bi", 7 0, o000001edc0f0c128;  0 drivers
v000001edc0f50990_0 .var "busy_o", 0 0;
o000001edc0f0c188 .functor BUFZ 1, C4<z>; HiZ drive
v000001edc0f50a30_0 .net "clk_i", 0 0, o000001edc0f0c188;  0 drivers
v000001edc0f50ad0_0 .var "ctr", 2 0;
v000001edc0f50b70_0 .var "part_res", 15 0;
v000001edc0f50ee0_0 .net "part_sum", 7 0, L_000001edc0ef5400;  1 drivers
o000001edc0f0c248 .functor BUFZ 1, C4<z>; HiZ drive
v000001edc0f50c60_0 .net "rst_i", 0 0, o000001edc0f0c248;  0 drivers
v000001edc0f51b60_0 .net "shifted_part_sum", 15 0, L_000001edc0f517a0;  1 drivers
o000001edc0f0c2a8 .functor BUFZ 1, C4<z>; HiZ drive
v000001edc0f51700_0 .net "start_i", 0 0, o000001edc0f0c2a8;  0 drivers
v000001edc0f513e0_0 .var "state", 1 0;
v000001edc0f512a0_0 .var "y_bo", 15 0;
E_000001edc0f07c70 .event posedge, v000001edc0f50a30_0;
L_000001edc0f50f80 .part/v v000001edc0f50850_0, v000001edc0f50ad0_0, 1;
LS_000001edc0f50d00_0_0 .concat [ 1 1 1 1], L_000001edc0f50f80, L_000001edc0f50f80, L_000001edc0f50f80, L_000001edc0f50f80;
LS_000001edc0f50d00_0_4 .concat [ 1 1 1 1], L_000001edc0f50f80, L_000001edc0f50f80, L_000001edc0f50f80, L_000001edc0f50f80;
L_000001edc0f50d00 .concat [ 4 4 0 0], LS_000001edc0f50d00_0_0, LS_000001edc0f50d00_0_4;
L_000001edc0f51160 .concat [ 8 8 0 0], L_000001edc0ef5400, L_000001edc0f51e48;
L_000001edc0f517a0 .shift/l 16, L_000001edc0f51160, v000001edc0f50ad0_0;
    .scope S_000001edc0ff6630;
T_0 ;
    %wait E_000001edc0f07c70;
    %load/vec4 v000001edc0f50c60_0;
    %flag_set/vec4 8;
    %jmp/0xz  T_0.0, 8;
    %pushi/vec4 0, 0, 3;
    %assign/vec4 v000001edc0f50ad0_0, 0;
    %pushi/vec4 0, 0, 1;
    %assign/vec4 v000001edc0f50990_0, 0;
    %pushi/vec4 0, 0, 16;
    %assign/vec4 v000001edc0f50b70_0, 0;
    %pushi/vec4 0, 0, 2;
    %assign/vec4 v000001edc0f513e0_0, 0;
    %jmp T_0.1;
T_0.0 ;
    %load/vec4 v000001edc0f513e0_0;
    %dup/vec4;
    %pushi/vec4 0, 0, 2;
    %cmp/u;
    %jmp/1 T_0.2, 6;
    %dup/vec4;
    %pushi/vec4 1, 0, 2;
    %cmp/u;
    %jmp/1 T_0.3, 6;
    %dup/vec4;
    %pushi/vec4 2, 0, 2;
    %cmp/u;
    %jmp/1 T_0.4, 6;
    %pushi/vec4 0, 0, 2;
    %assign/vec4 v000001edc0f513e0_0, 0;
    %jmp T_0.6;
T_0.2 ;
    %load/vec4 v000001edc0f51700_0;
    %flag_set/vec4 8;
    %jmp/0xz  T_0.7, 8;
    %pushi/vec4 1, 0, 2;
    %assign/vec4 v000001edc0f513e0_0, 0;
    %load/vec4 v000001edc0ff69b0_0;
    %assign/vec4 v000001edc0ff6910_0, 0;
    %load/vec4 v000001edc0f508f0_0;
    %assign/vec4 v000001edc0f50850_0, 0;
    %pushi/vec4 0, 0, 3;
    %assign/vec4 v000001edc0f50ad0_0, 0;
    %pushi/vec4 0, 0, 16;
    %assign/vec4 v000001edc0f50b70_0, 0;
    %pushi/vec4 1, 0, 1;
    %assign/vec4 v000001edc0f50990_0, 0;
T_0.7 ;
    %jmp T_0.6;
T_0.3 ;
    %load/vec4 v000001edc0f50ad0_0;
    %cmpi/e 7, 0, 3;
    %jmp/0xz  T_0.9, 4;
    %pushi/vec4 2, 0, 2;
    %assign/vec4 v000001edc0f513e0_0, 0;
T_0.9 ;
    %load/vec4 v000001edc0f50b70_0;
    %load/vec4 v000001edc0f51b60_0;
    %add;
    %assign/vec4 v000001edc0f50b70_0, 0;
    %load/vec4 v000001edc0f50ad0_0;
    %addi 1, 0, 3;
    %assign/vec4 v000001edc0f50ad0_0, 0;
    %jmp T_0.6;
T_0.4 ;
    %load/vec4 v000001edc0f50b70_0;
    %assign/vec4 v000001edc0f512a0_0, 0;
    %pushi/vec4 0, 0, 1;
    %assign/vec4 v000001edc0f50990_0, 0;
    %pushi/vec4 0, 0, 2;
    %assign/vec4 v000001edc0f513e0_0, 0;
    %jmp T_0.6;
T_0.6 ;
    %pop/vec4 1;
T_0.1 ;
    %jmp T_0;
    .thread T_0;
# The file index is used to find the file name in the following table.
:file_names 3;
    "N/A";
    "<interactive>";
    "mult.v";
