#! /c/Source/iverilog-install/bin/vvp
:ivl_version "12.0 (devel)" "(s20150603-1539-g2693dd32b)";
:ivl_delay_selection "TYPICAL";
:vpi_time_precision + 0;
:vpi_module "C:\iverilog\lib\ivl\system.vpi";
:vpi_module "C:\iverilog\lib\ivl\vhdl_sys.vpi";
:vpi_module "C:\iverilog\lib\ivl\vhdl_textio.vpi";
:vpi_module "C:\iverilog\lib\ivl\v2005_math.vpi";
:vpi_module "C:\iverilog\lib\ivl\va_math.vpi";
S_000001fe8ec36630 .scope module, "spi_master" "spi_master" 2 1;
 .timescale 0 0;
    .port_info 0 /INPUT 1 "clk_i";
    .port_info 1 /INPUT 1 "rst_i";
    .port_info 2 /OUTPUT 1 "sclk_o";
    .port_info 3 /OUTPUT 1 "mosi_o";
    .port_info 4 /INPUT 1 "miso_i";
    .port_info 5 /OUTPUT 1 "cs_o";
    .port_info 6 /OUTPUT 32 "data_rx_bo";
    .port_info 7 /OUTPUT 1 "data_rx_wr_o";
    .port_info 8 /OUTPUT 1 "busy_o";
    .port_info 9 /INPUT 32 "data_tx_bi";
    .port_info 10 /INPUT 1 "data_tx_wr_i";
P_000001fe8ec367c0 .param/l "CLK_DIV" 0 2 18, +C4<00000000000000000000000000001010>;
P_000001fe8ec367f8 .param/l "IDLE" 1 2 20, +C4<00000000000000000000000000000000>;
P_000001fe8ec36830 .param/l "TRANS" 1 2 21, +C4<00000000000000000000000000000001>;
L_000001fe8eef8ce0 .functor AND 1, L_000001fe8eef2e70, L_000001fe8eef2510, C4<1>, C4<1>;
L_000001fe8ef51038 .functor BUFT 1, C4<00000000000000000000000000001010>, C4<0>, C4<0>, C4<0>;
v000001fe8ec36c90_0 .net/2u *"_ivl_0", 31 0, L_000001fe8ef51038;  1 drivers
v000001fe8ec36930_0 .net *"_ivl_10", 0 0, L_000001fe8eef2510;  1 drivers
v000001fe8ec369d0_0 .net *"_ivl_2", 0 0, L_000001fe8eef2e70;  1 drivers
v000001fe8eef1de0_0 .net *"_ivl_4", 31 0, L_000001fe8eef2970;  1 drivers
L_000001fe8ef51080 .functor BUFT 1, C4<0000000000000000000000000000000>, C4<0>, C4<0>, C4<0>;
v000001fe8eef1e80_0 .net *"_ivl_7", 30 0, L_000001fe8ef51080;  1 drivers
L_000001fe8ef510c8 .functor BUFT 1, C4<00000000000000000000000000000000>, C4<0>, C4<0>, C4<0>;
v000001fe8eef1f20_0 .net/2u *"_ivl_8", 31 0, L_000001fe8ef510c8;  1 drivers
v000001fe8eef1fc0_0 .var "busy_o", 0 0;
v000001fe8eef2060_0 .var "clk_div_r", 31 0;
o000001fe8ef00128 .functor BUFZ 1, C4<z>; HiZ drive
v000001fe8eef2100_0 .net "clk_i", 0 0, o000001fe8ef00128;  0 drivers
v000001fe8eef21a0_0 .var "cs_o", 0 0;
v000001fe8eef2240_0 .var "ctr_r", 6 0;
v000001fe8eef22e0_0 .var "data_rx_bo", 31 0;
v000001fe8eef23d0_0 .var "data_rx_buf_r", 31 0;
v000001fe8eef2b50_0 .var "data_rx_wr_o", 0 0;
o000001fe8ef00248 .functor BUFZ 32, C4<zzzzzzzzzzzzzzzzzzzzzzzzzzzzzzzz>; HiZ drive
v000001fe8eef2bf0_0 .net "data_tx_bi", 31 0, o000001fe8ef00248;  0 drivers
v000001fe8eef26f0_0 .var "data_tx_buf_r", 31 0;
o000001fe8ef002a8 .functor BUFZ 1, C4<z>; HiZ drive
v000001fe8eef2470_0 .net "data_tx_wr_i", 0 0, o000001fe8ef002a8;  0 drivers
o000001fe8ef002d8 .functor BUFZ 1, C4<z>; HiZ drive
v000001fe8eef2d30_0 .net "miso_i", 0 0, o000001fe8ef002d8;  0 drivers
v000001fe8eef2790_0 .var "mosi_o", 0 0;
o000001fe8ef00338 .functor BUFZ 1, C4<z>; HiZ drive
v000001fe8eef2c90_0 .net "rst_i", 0 0, o000001fe8ef00338;  0 drivers
v000001fe8eef2dd0_0 .var "sclk_o", 0 0;
v000001fe8eef28d0_0 .net "sclk_posedge", 0 0, L_000001fe8eef8ce0;  1 drivers
v000001fe8eef2ab0_0 .var "state_r", 1 0;
E_000001fe8eee9a20 .event posedge, v000001fe8eef2100_0;
L_000001fe8eef2e70 .cmp/eq 32, v000001fe8eef2060_0, L_000001fe8ef51038;
L_000001fe8eef2970 .concat [ 1 31 0 0], v000001fe8eef2dd0_0, L_000001fe8ef51080;
L_000001fe8eef2510 .cmp/eq 32, L_000001fe8eef2970, L_000001fe8ef510c8;
    .scope S_000001fe8ec36630;
T_0 ;
    %wait E_000001fe8eee9a20;
    %load/vec4 v000001fe8eef2c90_0;
    %flag_set/vec4 8;
    %jmp/0xz  T_0.0, 8;
    %pushi/vec4 0, 0, 32;
    %assign/vec4 v000001fe8eef2060_0, 0;
    %pushi/vec4 0, 0, 7;
    %assign/vec4 v000001fe8eef2240_0, 0;
    %pushi/vec4 0, 0, 32;
    %assign/vec4 v000001fe8eef23d0_0, 0;
    %pushi/vec4 0, 0, 1;
    %assign/vec4 v000001fe8eef2dd0_0, 0;
    %jmp T_0.1;
T_0.0 ;
    %load/vec4 v000001fe8eef1fc0_0;
    %flag_set/vec4 8;
    %jmp/0xz  T_0.2, 8;
    %load/vec4 v000001fe8eef2060_0;
    %addi 1, 0, 32;
    %assign/vec4 v000001fe8eef2060_0, 0;
    %load/vec4 v000001fe8eef2060_0;
    %cmpi/e 10, 0, 32;
    %jmp/0xz  T_0.4, 4;
    %load/vec4 v000001fe8eef2dd0_0;
    %inv;
    %assign/vec4 v000001fe8eef2dd0_0, 0;
    %pushi/vec4 0, 0, 32;
    %assign/vec4 v000001fe8eef2060_0, 0;
    %load/vec4 v000001fe8eef2dd0_0;
    %flag_set/vec4 8;
    %jmp/0xz  T_0.6, 8;
    %load/vec4 v000001fe8eef2240_0;
    %addi 1, 0, 7;
    %assign/vec4 v000001fe8eef2240_0, 0;
    %load/vec4 v000001fe8eef23d0_0;
    %parti/s 31, 0, 2;
    %load/vec4 v000001fe8eef2d30_0;
    %concat/vec4; draw_concat_vec4
    %assign/vec4 v000001fe8eef23d0_0, 0;
T_0.6 ;
T_0.4 ;
T_0.2 ;
T_0.1 ;
    %jmp T_0;
    .thread T_0;
    .scope S_000001fe8ec36630;
T_1 ;
    %wait E_000001fe8eee9a20;
    %load/vec4 v000001fe8eef2c90_0;
    %flag_set/vec4 8;
    %jmp/0xz  T_1.0, 8;
    %pushi/vec4 0, 0, 32;
    %assign/vec4 v000001fe8eef26f0_0, 0;
    %pushi/vec4 0, 0, 1;
    %assign/vec4 v000001fe8eef2790_0, 0;
    %jmp T_1.1;
T_1.0 ;
    %load/vec4 v000001fe8eef2470_0;
    %flag_set/vec4 8;
    %jmp/0xz  T_1.2, 8;
    %load/vec4 v000001fe8eef2bf0_0;
    %assign/vec4 v000001fe8eef26f0_0, 0;
T_1.2 ;
    %load/vec4 v000001fe8eef28d0_0;
    %flag_set/vec4 8;
    %jmp/0xz  T_1.4, 8;
    %load/vec4 v000001fe8eef26f0_0;
    %parti/s 1, 31, 6;
    %assign/vec4 v000001fe8eef2790_0, 0;
    %load/vec4 v000001fe8eef26f0_0;
    %ix/load 4, 1, 0;
    %flag_set/imm 4, 0;
    %shiftl 4;
    %assign/vec4 v000001fe8eef26f0_0, 0;
T_1.4 ;
T_1.1 ;
    %jmp T_1;
    .thread T_1;
    .scope S_000001fe8ec36630;
T_2 ;
    %wait E_000001fe8eee9a20;
    %load/vec4 v000001fe8eef2c90_0;
    %flag_set/vec4 8;
    %jmp/0xz  T_2.0, 8;
    %pushi/vec4 0, 0, 2;
    %assign/vec4 v000001fe8eef2ab0_0, 0;
    %pushi/vec4 0, 0, 1;
    %assign/vec4 v000001fe8eef1fc0_0, 0;
    %pushi/vec4 1, 0, 1;
    %assign/vec4 v000001fe8eef21a0_0, 0;
    %pushi/vec4 0, 0, 1;
    %assign/vec4 v000001fe8eef2b50_0, 0;
    %jmp T_2.1;
T_2.0 ;
    %load/vec4 v000001fe8eef2ab0_0;
    %dup/vec4;
    %pushi/vec4 0, 0, 2;
    %cmp/u;
    %jmp/1 T_2.2, 6;
    %dup/vec4;
    %pushi/vec4 1, 0, 2;
    %cmp/u;
    %jmp/1 T_2.3, 6;
    %pushi/vec4 0, 0, 2;
    %assign/vec4 v000001fe8eef2ab0_0, 0;
    %jmp T_2.5;
T_2.2 ;
    %pushi/vec4 0, 0, 1;
    %assign/vec4 v000001fe8eef2b50_0, 0;
    %load/vec4 v000001fe8eef2470_0;
    %flag_set/vec4 8;
    %jmp/0xz  T_2.6, 8;
    %pushi/vec4 1, 0, 1;
    %assign/vec4 v000001fe8eef1fc0_0, 0;
    %pushi/vec4 1, 0, 2;
    %assign/vec4 v000001fe8eef2ab0_0, 0;
    %pushi/vec4 0, 0, 1;
    %assign/vec4 v000001fe8eef21a0_0, 0;
    %pushi/vec4 0, 0, 7;
    %assign/vec4 v000001fe8eef2240_0, 0;
T_2.6 ;
    %jmp T_2.5;
T_2.3 ;
    %load/vec4 v000001fe8eef2240_0;
    %cmpi/e 32, 0, 7;
    %jmp/0xz  T_2.8, 4;
    %pushi/vec4 1, 0, 1;
    %assign/vec4 v000001fe8eef21a0_0, 0;
    %pushi/vec4 0, 0, 1;
    %assign/vec4 v000001fe8eef1fc0_0, 0;
    %pushi/vec4 0, 0, 7;
    %assign/vec4 v000001fe8eef2240_0, 0;
    %pushi/vec4 0, 0, 2;
    %assign/vec4 v000001fe8eef2ab0_0, 0;
    %pushi/vec4 1, 0, 1;
    %assign/vec4 v000001fe8eef2b50_0, 0;
    %load/vec4 v000001fe8eef23d0_0;
    %assign/vec4 v000001fe8eef22e0_0, 0;
T_2.8 ;
    %jmp T_2.5;
T_2.5 ;
    %pop/vec4 1;
T_2.1 ;
    %jmp T_2;
    .thread T_2;
# The file index is used to find the file name in the following table.
:file_names 3;
    "N/A";
    "<interactive>";
    "spi_master.v";
